Performing C SOURCE FILE Test CMAKE_HAVE_LIBC_PTHREAD failed with the following output:
Change Dir: /home/comrade/ripser-plusplus/build/CMakeFiles/CMakeTmp

Run Build Command(s):/usr/bin/make cmTC_1d7d2/fast && /usr/bin/make -f CMakeFiles/cmTC_1d7d2.dir/build.make CMakeFiles/cmTC_1d7d2.dir/build
make[1]: Entering directory '/home/comrade/ripser-plusplus/build/CMakeFiles/CMakeTmp'
Building C object CMakeFiles/cmTC_1d7d2.dir/src.c.o
/bin/gcc-9   -fPIC -DCMAKE_HAVE_LIBC_PTHREAD   -o CMakeFiles/cmTC_1d7d2.dir/src.c.o   -c /home/comrade/ripser-plusplus/build/CMakeFiles/CMakeTmp/src.c
Linking C executable cmTC_1d7d2
/usr/bin/cmake -E cmake_link_script CMakeFiles/cmTC_1d7d2.dir/link.txt --verbose=1
/bin/gcc-9 -fPIC -DCMAKE_HAVE_LIBC_PTHREAD    -rdynamic CMakeFiles/cmTC_1d7d2.dir/src.c.o  -o cmTC_1d7d2 
/usr/bin/ld: CMakeFiles/cmTC_1d7d2.dir/src.c.o: in function `main':
src.c:(.text+0x46): undefined reference to `pthread_create'
/usr/bin/ld: src.c:(.text+0x52): undefined reference to `pthread_detach'
/usr/bin/ld: src.c:(.text+0x63): undefined reference to `pthread_join'
collect2: error: ld returned 1 exit status
make[1]: *** [CMakeFiles/cmTC_1d7d2.dir/build.make:87: cmTC_1d7d2] Error 1
make[1]: Leaving directory '/home/comrade/ripser-plusplus/build/CMakeFiles/CMakeTmp'
make: *** [Makefile:121: cmTC_1d7d2/fast] Error 2


Source file was:
#include <pthread.h>

void* test_func(void* data)
{
  return data;
}

int main(void)
{
  pthread_t thread;
  pthread_create(&thread, NULL, test_func, NULL);
  pthread_detach(thread);
  pthread_join(thread, NULL);
  pthread_atfork(NULL, NULL, NULL);
  pthread_exit(NULL);

  return 0;
}

Determining if the function pthread_create exists in the pthreads failed with the following output:
Change Dir: /home/comrade/ripser-plusplus/build/CMakeFiles/CMakeTmp

Run Build Command(s):/usr/bin/make cmTC_936d4/fast && /usr/bin/make -f CMakeFiles/cmTC_936d4.dir/build.make CMakeFiles/cmTC_936d4.dir/build
make[1]: Entering directory '/home/comrade/ripser-plusplus/build/CMakeFiles/CMakeTmp'
Building C object CMakeFiles/cmTC_936d4.dir/CheckFunctionExists.c.o
/bin/gcc-9   -fPIC -DCHECK_FUNCTION_EXISTS=pthread_create   -o CMakeFiles/cmTC_936d4.dir/CheckFunctionExists.c.o   -c /usr/share/cmake-3.16/Modules/CheckFunctionExists.c
Linking C executable cmTC_936d4
/usr/bin/cmake -E cmake_link_script CMakeFiles/cmTC_936d4.dir/link.txt --verbose=1
/bin/gcc-9 -fPIC -DCHECK_FUNCTION_EXISTS=pthread_create    -rdynamic CMakeFiles/cmTC_936d4.dir/CheckFunctionExists.c.o  -o cmTC_936d4  -lpthreads 
/usr/bin/ld: cannot find -lpthreads
collect2: error: ld returned 1 exit status
make[1]: *** [CMakeFiles/cmTC_936d4.dir/build.make:87: cmTC_936d4] Error 1
make[1]: Leaving directory '/home/comrade/ripser-plusplus/build/CMakeFiles/CMakeTmp'
make: *** [Makefile:121: cmTC_936d4/fast] Error 2



